<?xml version="1.0" encoding="UTF-8"?>
<!-- Generated by org.testng.reporters.JUnitReportReporter -->
<testsuite skipped="0" hostname="russelabedinx1" name="testHomePage.TestHomeLoans" tests="15" failures="0" timestamp="2021-11-26T23:03:33 EST" time="151.974" errors="0">
  <testcase name="test85" time="9.063" classname="testHomePage.TestHomeLoans"/>
  <system-out/>
  <testcase name="test77" time="11.420" classname="testHomePage.TestHomeLoans"/>
  <system-out/>
  <testcase name="test75" time="10.855" classname="testHomePage.TestHomeLoans"/>
  <system-out/>
  <testcase name="test71" time="8.742" classname="testHomePage.TestHomeLoans"/>
  <system-out/>
  <testcase name="test83" time="9.155" classname="testHomePage.TestHomeLoans"/>
  <system-out/>
  <testcase name="test80" time="10.125" classname="testHomePage.TestHomeLoans"/>
  <system-out/>
  <testcase name="test73" time="12.538" classname="testHomePage.TestHomeLoans"/>
  <system-out/>
  <testcase name="test78" time="10.667" classname="testHomePage.TestHomeLoans"/>
  <system-out/>
  <testcase name="test76" time="11.012" classname="testHomePage.TestHomeLoans"/>
  <system-out/>
  <testcase name="test82" time="10.675" classname="testHomePage.TestHomeLoans"/>
  <system-out/>
  <testcase name="test72" time="9.796" classname="testHomePage.TestHomeLoans"/>
  <system-out/>
  <testcase name="test79" time="9.183" classname="testHomePage.TestHomeLoans"/>
  <system-out/>
  <testcase name="test84" time="8.570" classname="testHomePage.TestHomeLoans"/>
  <system-out/>
  <testcase name="test81" time="9.460" classname="testHomePage.TestHomeLoans"/>
  <system-out/>
  <testcase name="test74" time="10.713" classname="testHomePage.TestHomeLoans"/>
  <system-out/>
</testsuite> <!-- testHomePage.TestHomeLoans -->
