<?xml version="1.0" encoding="UTF-8"?>
<!-- Generated by org.testng.reporters.JUnitReportReporter -->
<testsuite skipped="0" hostname="russelabedinx1" name="testHomePage.TestInvesting" tests="8" failures="0" timestamp="2021-11-26T23:03:33 EST" time="150.237" errors="0">
  <testcase name="test94" time="20.454" classname="testHomePage.TestInvesting"/>
  <system-out/>
  <testcase name="test93" time="20.127" classname="testHomePage.TestInvesting"/>
  <system-out/>
  <testcase name="test91" time="19.975" classname="testHomePage.TestInvesting"/>
  <system-out/>
  <testcase name="test95" time="15.535" classname="testHomePage.TestInvesting"/>
  <system-out/>
  <testcase name="test89" time="16.906" classname="testHomePage.TestInvesting"/>
  <system-out/>
  <testcase name="test90" time="20.913" classname="testHomePage.TestInvesting"/>
  <system-out/>
  <testcase name="test92" time="20.090" classname="testHomePage.TestInvesting"/>
  <system-out/>
  <testcase name="test88" time="16.237" classname="testHomePage.TestInvesting"/>
  <system-out/>
</testsuite> <!-- testHomePage.TestInvesting -->
