<?xml version="1.0" encoding="UTF-8"?>
<!-- Generated by org.testng.reporters.JUnitReportReporter -->
<testsuite skipped="0" hostname="russelabedinx1" name="testHomePage.TestCreditCards" tests="25" failures="0" timestamp="2021-11-26T23:03:33 EST" time="238.594" errors="0">
  <testcase name="test53" time="9.729" classname="testHomePage.TestCreditCards"/>
  <system-out/>
  <testcase name="test60" time="7.611" classname="testHomePage.TestCreditCards"/>
  <system-out/>
  <testcase name="test54" time="8.216" classname="testHomePage.TestCreditCards"/>
  <system-out/>
  <testcase name="test69" time="9.564" classname="testHomePage.TestCreditCards"/>
  <system-out/>
  <testcase name="test68" time="9.743" classname="testHomePage.TestCreditCards"/>
  <system-out/>
  <testcase name="test49" time="10.586" classname="testHomePage.TestCreditCards"/>
  <system-out/>
  <testcase name="test48" time="11.033" classname="testHomePage.TestCreditCards"/>
  <system-out/>
  <testcase name="test59" time="11.161" classname="testHomePage.TestCreditCards"/>
  <system-out/>
  <testcase name="test58" time="10.275" classname="testHomePage.TestCreditCards"/>
  <system-out/>
  <testcase name="test67" time="8.797" classname="testHomePage.TestCreditCards"/>
  <system-out/>
  <testcase name="test47" time="9.540" classname="testHomePage.TestCreditCards"/>
  <system-out/>
  <testcase name="test63" time="8.926" classname="testHomePage.TestCreditCards"/>
  <system-out/>
  <testcase name="test66" time="9.354" classname="testHomePage.TestCreditCards"/>
  <system-out/>
  <testcase name="test52" time="7.695" classname="testHomePage.TestCreditCards"/>
  <system-out/>
  <testcase name="test50" time="10.391" classname="testHomePage.TestCreditCards"/>
  <system-out/>
  <testcase name="test51" time="8.786" classname="testHomePage.TestCreditCards"/>
  <system-out/>
  <testcase name="test46" time="7.434" classname="testHomePage.TestCreditCards"/>
  <system-out/>
  <testcase name="test56" time="11.391" classname="testHomePage.TestCreditCards"/>
  <system-out/>
  <testcase name="test62" time="10.403" classname="testHomePage.TestCreditCards"/>
  <system-out/>
  <testcase name="test55" time="10.365" classname="testHomePage.TestCreditCards"/>
  <system-out/>
  <testcase name="test61" time="8.426" classname="testHomePage.TestCreditCards"/>
  <system-out/>
  <testcase name="test57" time="11.004" classname="testHomePage.TestCreditCards"/>
  <system-out/>
  <testcase name="test70" time="10.047" classname="testHomePage.TestCreditCards"/>
  <system-out/>
  <testcase name="test65" time="8.406" classname="testHomePage.TestCreditCards"/>
  <system-out/>
  <testcase name="test64" time="9.711" classname="testHomePage.TestCreditCards"/>
  <system-out/>
</testsuite> <!-- testHomePage.TestCreditCards -->
