<?xml version="1.0" encoding="UTF-8"?>
<!-- Generated by org.testng.reporters.JUnitReportReporter -->
<testsuite skipped="0" hostname="russelabedinx1" name="testHomePage.TestSignIn" tests="10" failures="0" timestamp="2021-11-26T23:03:33 EST" time="88.026" errors="0">
  <testcase name="test15" time="9.189" classname="testHomePage.TestSignIn"/>
  <system-out>
    <![CDATA[SignIn: enter Online ID]]>
  </system-out>
  <testcase name="test12" time="7.897" classname="testHomePage.TestSignIn"/>
  <system-out>
    <![CDATA[TestSignIn: test 12
SignIn: enter Online ID
SignIn: enter Password]]>
  </system-out>
  <testcase name="test17" time="9.080" classname="testHomePage.TestSignIn"/>
  <system-out>
    <![CDATA[SignIn: enter Online ID
SignIn: enter Password]]>
  </system-out>
  <testcase name="test13" time="8.324" classname="testHomePage.TestSignIn"/>
  <system-out>
    <![CDATA[SignIn: enter Online ID
SignIn: enter Password]]>
  </system-out>
  <testcase name="test14" time="8.826" classname="testHomePage.TestSignIn"/>
  <system-out>
    <![CDATA[SignIn: enter Online ID
SignIn: enter Password]]>
  </system-out>
  <testcase name="test18" time="10.123" classname="testHomePage.TestSignIn"/>
  <system-out>
    <![CDATA[SignIn: enter Online ID
SignIn: enter Password]]>
  </system-out>
  <testcase name="test106" time="9.302" classname="testHomePage.TestSignIn"/>
  <system-out/>
  <testcase name="test16" time="7.607" classname="testHomePage.TestSignIn"/>
  <system-out>
    <![CDATA[SignIn: enter Online ID
SignIn: enter Password]]>
  </system-out>
  <testcase name="test11" time="7.429" classname="testHomePage.TestSignIn"/>
  <system-out>
    <![CDATA[TestSignIn: test 11
SignIn: enter Online ID]]>
  </system-out>
  <testcase name="test108" time="10.249" classname="testHomePage.TestSignIn"/>
  <system-out/>
</testsuite> <!-- testHomePage.TestSignIn -->
