<?xml version="1.0" encoding="UTF-8"?>
<!-- Generated by org.testng.reporters.JUnitReportReporter -->
<testsuite skipped="0" hostname="russelabedinx1" name="testHomePage.TestChecking" tests="12" failures="0" timestamp="2021-11-26T23:03:33 EST" time="126.500" errors="0">
  <testcase name="test104" time="14.682" classname="testHomePage.TestChecking"/>
  <system-out/>
  <testcase name="test6" time="10.583" classname="testHomePage.TestChecking"/>
  <system-out>
    <![CDATA[TestChecking: test 6
Checking: enter Zip Code Input]]>
  </system-out>
  <testcase name="test10" time="13.755" classname="testHomePage.TestChecking"/>
  <system-out>
    <![CDATA[Checking: enter Zip Code Input]]>
  </system-out>
  <testcase name="test9" time="8.486" classname="testHomePage.TestChecking"/>
  <system-out>
    <![CDATA[Checking: enter Zip Code Input]]>
  </system-out>
  <testcase name="test105" time="11.285" classname="testHomePage.TestChecking"/>
  <system-out>
    <![CDATA[Checking: enter Zip Code Input]]>
  </system-out>
  <testcase name="test4" time="9.406" classname="testHomePage.TestChecking"/>
  <system-out/>
  <testcase name="test1" time="10.317" classname="testHomePage.TestChecking"/>
  <system-out/>
  <testcase name="test2" time="9.140" classname="testHomePage.TestChecking"/>
  <system-out/>
  <testcase name="test7" time="10.536" classname="testHomePage.TestChecking"/>
  <system-out>
    <![CDATA[Checking: enter Zip Code Input]]>
  </system-out>
  <testcase name="test8" time="9.262" classname="testHomePage.TestChecking"/>
  <system-out>
    <![CDATA[Checking: enter Zip Code Input]]>
  </system-out>
  <testcase name="test5" time="9.730" classname="testHomePage.TestChecking"/>
  <system-out/>
  <testcase name="test3" time="9.318" classname="testHomePage.TestChecking"/>
  <system-out/>
</testsuite> <!-- testHomePage.TestChecking -->
