<?xml version="1.0" encoding="UTF-8"?>
<!-- Generated by org.testng.reporters.JUnitReportReporter -->
<testsuite skipped="0" hostname="russelabedinx1" name="testHomePage.TestSavings" tests="28" failures="0" timestamp="2021-11-26T23:03:33 EST" time="322.174" errors="0">
  <testcase name="test38" time="12.138" classname="testHomePage.TestSavings"/>
  <system-out/>
  <testcase name="test32" time="13.064" classname="testHomePage.TestSavings"/>
  <system-out/>
  <testcase name="test41" time="9.919" classname="testHomePage.TestSavings"/>
  <system-out/>
  <testcase name="test33" time="15.036" classname="testHomePage.TestSavings"/>
  <system-out/>
  <testcase name="test30" time="11.266" classname="testHomePage.TestSavings"/>
  <system-out/>
  <testcase name="test19" time="8.019" classname="testHomePage.TestSavings"/>
  <system-out/>
  <testcase name="test35" time="14.649" classname="testHomePage.TestSavings"/>
  <system-out/>
  <testcase name="test45" time="8.968" classname="testHomePage.TestSavings"/>
  <system-out/>
  <testcase name="test29" time="14.069" classname="testHomePage.TestSavings"/>
  <system-out/>
  <testcase name="test40" time="10.506" classname="testHomePage.TestSavings"/>
  <system-out/>
  <testcase name="test31" time="10.778" classname="testHomePage.TestSavings"/>
  <system-out/>
  <testcase name="test27" time="13.228" classname="testHomePage.TestSavings"/>
  <system-out/>
  <testcase name="test24" time="9.658" classname="testHomePage.TestSavings"/>
  <system-out/>
  <testcase name="test39" time="12.332" classname="testHomePage.TestSavings"/>
  <system-out/>
  <testcase name="test103" time="13.776" classname="testHomePage.TestSavings"/>
  <system-out/>
  <testcase name="test20" time="8.787" classname="testHomePage.TestSavings"/>
  <system-out/>
  <testcase name="test42" time="10.302" classname="testHomePage.TestSavings"/>
  <system-out/>
  <testcase name="test25" time="11.745" classname="testHomePage.TestSavings"/>
  <system-out/>
  <testcase name="test44" time="10.384" classname="testHomePage.TestSavings"/>
  <system-out/>
  <testcase name="test23" time="8.466" classname="testHomePage.TestSavings"/>
  <system-out/>
  <testcase name="test43" time="9.844" classname="testHomePage.TestSavings"/>
  <system-out/>
  <testcase name="test26" time="12.517" classname="testHomePage.TestSavings"/>
  <system-out/>
  <testcase name="test37" time="12.027" classname="testHomePage.TestSavings"/>
  <system-out/>
  <testcase name="test36" time="15.503" classname="testHomePage.TestSavings"/>
  <system-out/>
  <testcase name="test22" time="8.678" classname="testHomePage.TestSavings"/>
  <system-out/>
  <testcase name="test34" time="16.589" classname="testHomePage.TestSavings"/>
  <system-out/>
  <testcase name="test21" time="9.585" classname="testHomePage.TestSavings"/>
  <system-out/>
  <testcase name="test28" time="10.341" classname="testHomePage.TestSavings"/>
  <system-out/>
</testsuite> <!-- testHomePage.TestSavings -->
