<?xml version="1.0" encoding="UTF-8"?>
<!-- Generated by org.testng.reporters.JUnitReportReporter -->
<testsuite skipped="0" hostname="russelabedinx1" name="testHomePage.TestBetterMoneyHabits" tests="8" failures="0" timestamp="2021-11-26T23:03:33 EST" time="105.071" errors="0">
  <testcase name="test107" time="4.477" classname="testHomePage.TestBetterMoneyHabits"/>
  <system-out/>
  <testcase name="test98" time="14.034" classname="testHomePage.TestBetterMoneyHabits"/>
  <system-out/>
  <testcase name="test102" time="15.273" classname="testHomePage.TestBetterMoneyHabits"/>
  <system-out/>
  <testcase name="test100" time="13.750" classname="testHomePage.TestBetterMoneyHabits"/>
  <system-out/>
  <testcase name="test101" time="13.684" classname="testHomePage.TestBetterMoneyHabits"/>
  <system-out/>
  <testcase name="test97" time="14.181" classname="testHomePage.TestBetterMoneyHabits"/>
  <system-out/>
  <testcase name="test99" time="14.337" classname="testHomePage.TestBetterMoneyHabits"/>
  <system-out/>
  <testcase name="test96" time="15.335" classname="testHomePage.TestBetterMoneyHabits"/>
  <system-out/>
</testsuite> <!-- testHomePage.TestBetterMoneyHabits -->
