<?xml version="1.0" encoding="UTF-8"?>
<!-- Generated by org.testng.reporters.JUnitReportReporter -->
<testsuite skipped="0" hostname="russelabedinx1" name="testHomePage.TestAutoLoan" tests="2" failures="0" timestamp="2021-11-26T23:03:33 EST" time="23.886" errors="0">
  <testcase name="test86" time="11.724" classname="testHomePage.TestAutoLoan"/>
  <system-out/>
  <testcase name="test87" time="12.162" classname="testHomePage.TestAutoLoan"/>
  <system-out/>
</testsuite> <!-- testHomePage.TestAutoLoan -->
